<?xml version="1.0" encoding="UTF-8"?>
<testsuite xmlns:xsi="http://www.w3.org/2001/XMLSchema-instance" xsi:noNamespaceSchemaLocation="https://maven.apache.org/surefire/maven-surefire-plugin/xsd/surefire-test-report.xsd" version="3.0.2" name="com.example.TaskFlow.TaskFlowApplicationTests" time="1.716" tests="1" errors="0" skipped="0" failures="0" flakes="0">
  <properties>
[...]
</properties>
  <testcase name="contextLoads" classname="com.example.TaskFlow.TaskFlowApplicationTests" time="0.252">
    <system-out><![CDATA[12:00:57.346 [main] INFO org.springframework.test.context.support.AnnotationConfigContextLoaderUtils -- Could not detect default configuration classes for test class [com.example.TaskFlow.TaskFlowApplicationTests]: TaskFlowApplicationTests does not declare any static, non-private, non-final, nested classes annotated with @Configuration.
12:00:57.383 [main] INFO org.springframework.boot.test.context.SpringBootTestContextBootstrapper -- Found @SpringBootConfiguration com.example.TaskFlow.TaskFlowApplication for test class com.example.TaskFlow.TaskFlowApplicationTests
12:00:57.407 [main] INFO org.springframework.test.context.support.AnnotationConfigContextLoaderUtils -- Could not detect default configuration classes for test class [com.example.TaskFlow.TaskFlowApplicationTests]: TaskFlowApplicationTests does not declare any static, non-private, non-final, nested classes annotated with @Configuration.
12:00:57.408 [main] INFO org.springframework.boot.test.context.SpringBootTestContextBootstrapper -- Found @SpringBootConfiguration com.example.TaskFlow.TaskFlowApplication for test class com.example.TaskFlow.TaskFlowApplicationTests

  .   ____          _            __ _ _
 /\\ / ___'_ __ _ _(_)_ __  __ _ \ \ \ \
( ( )\___ | '_ | '_| | '_ \/ _` | \ \ \ \
 \\/  ___)| |_)| | | | | || (_| |  ) ) ) )
  '  |____| .__|_| |_|_| |_\__, | / / / /
 =========|_|==============|___/=/_/_/_/

 :: Spring Boot ::                (v4.0.6)

2026-06-04T12:00:57.507+05:30  INFO 19795 --- [TaskFlow] [           main] c.e.TaskFlow.TaskFlowApplicationTests    : Starting TaskFlowApplicationTests using Java 25.0.2 with PID 19795 (started by smittal in /Users/smittal/Desktop/projects/springboot/TaskFlow)
2026-06-04T12:00:57.507+05:30  INFO 19795 --- [TaskFlow] [           main] c.e.TaskFlow.TaskFlowApplicationTests    : The following 1 profile is active: "dev"
2026-06-04T12:00:57.739+05:30  INFO 19795 --- [TaskFlow] [           main] .s.d.r.c.RepositoryConfigurationDelegate : Bootstrapping Spring Data JPA repositories in DEFAULT mode.
2026-06-04T12:00:57.758+05:30  INFO 19795 --- [TaskFlow] [           main] .s.d.r.c.RepositoryConfigurationDelegate : Finished Spring Data repository scanning in 17 ms. Found 2 JPA repository interfaces.
2026-06-04T12:00:57.898+05:30  INFO 19795 --- [TaskFlow] [           main] org.hibernate.orm.jpa                    : HHH008540: Processing PersistenceUnitInfo [name: default]
2026-06-04T12:00:57.917+05:30  INFO 19795 --- [TaskFlow] [           main] org.hibernate.orm.core                   : HHH000001: Hibernate ORM core version 7.2.12.Final
2026-06-04T12:00:58.040+05:30  INFO 19795 --- [TaskFlow] [           main] o.s.o.j.p.SpringPersistenceUnitInfo      : No LoadTimeWeaver setup: ignoring JPA class transformer
2026-06-04T12:00:58.050+05:30  INFO 19795 --- [TaskFlow] [           main] com.zaxxer.hikari.HikariDataSource       : HikariPool-1 - Starting...
2026-06-04T12:00:58.101+05:30  INFO 19795 --- [TaskFlow] [           main] com.zaxxer.hikari.pool.HikariPool        : HikariPool-1 - Added connection conn0: url=jdbc:h2:mem:taskflow user=SA
2026-06-04T12:00:58.102+05:30  INFO 19795 --- [TaskFlow] [           main] com.zaxxer.hikari.HikariDataSource       : HikariPool-1 - Start completed.
2026-06-04T12:00:58.120+05:30  INFO 19795 --- [TaskFlow] [           main] org.hibernate.orm.connections.pooling    : HHH10001005: Database info:
	Database JDBC URL [jdbc:h2:mem:taskflow]
	Database driver: H2 JDBC Driver
	Database dialect: H2Dialect
	Database version: 2.4.240
	Default catalog/schema: TASKFLOW/PUBLIC
	Autocommit mode: undefined/unknown
	Isolation level: READ_COMMITTED [default READ_COMMITTED]
	JDBC fetch size: 100
	Pool: DataSourceConnectionProvider
	Minimum pool size: undefined/unknown
	Maximum pool size: undefined/unknown
2026-06-04T12:00:58.420+05:30  INFO 19795 --- [TaskFlow] [           main] org.hibernate.orm.core                   : HHH000489: No JTA platform available (set 'hibernate.transaction.jta.platform' to enable JTA platform integration)
Hibernate: 
    drop table if exists task cascade 
Hibernate: 
    drop table if exists users cascade 
Hibernate: 
    create table task (
        id integer generated by default as identity,
        user_id integer,
        due_date timestamp(6),
        description varchar(255),
        name varchar(255),
        priority enum ('HIGH','LOW','MEDIUM'),
        status enum ('completed','in_progress','todo'),
        primary key (id)
    )
Hibernate: 
    create table users (
        id integer generated by default as identity,
        email varchar(255),
        name varchar(255),
        password varchar(255),
        primary key (id)
    )
Hibernate: 
    alter table if exists task 
       add constraint FKbhwpp8tr117vvbxhf5sbkdkc9 
       foreign key (user_id) 
       references users
2026-06-04T12:00:58.436+05:30  INFO 19795 --- [TaskFlow] [           main] j.LocalContainerEntityManagerFactoryBean : Initialized JPA EntityManagerFactory for persistence unit 'default'
2026-06-04T12:00:58.463+05:30  INFO 19795 --- [TaskFlow] [           main] o.s.d.j.r.query.QueryEnhancerFactories   : Hibernate is in classpath; If applicable, HQL parser will be used.
2026-06-04T12:00:58.552+05:30  WARN 19795 --- [TaskFlow] [           main] JpaBaseConfiguration$JpaWebConfiguration : spring.jpa.open-in-view is enabled by default. Therefore, database queries may be performed during view rendering. Explicitly configure spring.jpa.open-in-view to disable this warning
2026-06-04T12:00:58.582+05:30  INFO 19795 --- [TaskFlow] [           main] r$InitializeUserDetailsManagerConfigurer : Global AuthenticationManager configured with UserDetailsService bean with name customUserDetailsService
2026-06-04T12:00:58.747+05:30  INFO 19795 --- [TaskFlow] [           main] c.e.TaskFlow.TaskFlowApplicationTests    : Started TaskFlowApplicationTests in 1.322 seconds (process running for 1.842)
]]></system-out>
    <system-err><![CDATA[Mockito is currently self-attaching to enable the inline-mock-maker. This will no longer work in future releases of the JDK. Please add Mockito as an agent to your build as described in Mockito's documentation: https://javadoc.io/doc/org.mockito/mockito-core/latest/org.mockito/org/mockito/Mockito.html#0.3
WARNING: A Java agent has been loaded dynamically (/Users/smittal/.m2/repository/net/bytebuddy/byte-buddy-agent/1.17.8/byte-buddy-agent-1.17.8.jar)
WARNING: If a serviceability tool is in use, please run with -XX:+EnableDynamicAgentLoading to hide this warning
WARNING: If a serviceability tool is not in use, please run with -Djdk.instrument.traceUsage for more information
WARNING: Dynamic loading of agents will be disallowed by default in a future release
]]></system-err>
  </testcase>
</testsuite>